
Die folgenden Module wurden in einer anderen Version erneut geladen:
  1) uge/8.5.5-1 => uge/8.5.5-2

Executing job commands, current working directory is /gpfs1/work/golparva/BigCase/RockSamples/spheres/fullySat_withReaction
[node005.eve:10825] mca_base_component_repository_open: unable to open mca_oob_ud: libnl-3.so.200: failed to map segment from shared object: Cannot allocate memory (ignored)
[node005.eve:10827] mca_base_component_repository_open: unable to open mca_oob_ud: libnl-3.so.200: failed to map segment from shared object: Cannot allocate memory (ignored)
[node005.eve:10828] mca_base_component_repository_open: unable to open mca_oob_ud: libnl-3.so.200: failed to map segment from shared object: Cannot allocate memory (ignored)
[node005.eve:10826] mca_base_component_repository_open: unable to open mca_oob_ud: libnl-3.so.200: failed to map segment from shared object: Cannot allocate memory (ignored)
[node005.eve:10825] mca_base_component_repository_open: unable to open mca_btl_usnic: librdmacm.so.1: failed to map segment from shared object: Cannot allocate memory (ignored)
[node005.eve:10828] mca_base_component_repository_open: unable to open mca_btl_usnic: librdmacm.so.1: failed to map segment from shared object: Cannot allocate memory (ignored)
[node005.eve:10825] mca_base_component_repository_open: unable to open mca_btl_openib: libnl-route-3.so.200: failed to map segment from shared object: Cannot allocate memory (ignored)
[node005.eve:10828] mca_base_component_repository_open: unable to open mca_btl_openib: libnl-route-3.so.200: failed to map segment from shared object: Cannot allocate memory (ignored)
[node005.eve:10826] mca_base_component_repository_open: unable to open mca_btl_usnic: librdmacm.so.1: failed to map segment from shared object: Cannot allocate memory (ignored)
[node005.eve:10825] create_and_attach: unable to create shared memory BTL coordinating structure :: size 134217728 
--------------------------------------------------------------------------
A system call failed during shared memory initialization that should
not have.  It is likely that your MPI job will now either abort or
experience performance degradation.

  Local host:  node005.eve
  System call: mmap(2) 
  Error:       Cannot allocate memory (errno 12)
--------------------------------------------------------------------------
[node005.eve:10826] mca_base_component_repository_open: unable to open mca_btl_openib: libnl-route-3.so.200: failed to map segment from shared object: Cannot allocate memory (ignored)
[node005.eve:10828] mca_base_component_repository_open: unable to open mca_mtl_psm: libpsm_infinipath.so.1: failed to map segment from shared object: Cannot allocate memory (ignored)
[node005.eve:10825] mca_base_component_repository_open: unable to open mca_mtl_psm: libpsm_infinipath.so.1: failed to map segment from shared object: Cannot allocate memory (ignored)
[node005.eve:10826] mca_base_component_repository_open: unable to open mca_mtl_psm: libpsm_infinipath.so.1: failed to map segment from shared object: Cannot allocate memory (ignored)
[node005.eve:10828] mca_base_component_repository_open: unable to open mca_mtl_psm2: libpsm2.so.2: failed to map segment from shared object: Cannot allocate memory (ignored)
[node005.eve:10825] mca_base_component_repository_open: unable to open mca_mtl_psm2: libpsm2.so.2: failed to map segment from shared object: Cannot allocate memory (ignored)
[node005.eve:10826] mca_base_component_repository_open: unable to open mca_mtl_psm2: libpsm2.so.2: failed to map segment from shared object: Cannot allocate memory (ignored)
[node005.eve:10828] mca_base_component_repository_open: unable to open mca_mtl_ofi: libfabric.so.1: failed to map segment from shared object: Cannot allocate memory (ignored)
[node005.eve:10825] mca_base_component_repository_open: unable to open mca_mtl_ofi: libfabric.so.1: failed to map segment from shared object: Cannot allocate memory (ignored)
[node005.eve:10826] mca_base_component_repository_open: unable to open mca_mtl_ofi: libfabric.so.1: failed to map segment from shared object: Cannot allocate memory (ignored)
[node005.eve:10825] mca_base_component_repository_open: unable to open mca_coll_inter: /software/easybuild-broadwell/software/Compiler/GCC/6.4.0-2.28/OpenMPI/2.1.2/lib/openmpi/mca_coll_inter.so: failed to map segment from shared object: Cannot allocate memory (ignored)
[node005.eve:10825] mca_base_component_repository_open: unable to open mca_coll_sync: /software/easybuild-broadwell/software/Compiler/GCC/6.4.0-2.28/OpenMPI/2.1.2/lib/openmpi/mca_coll_sync.so: failed to map segment from shared object: Cannot allocate memory (ignored)
[node005.eve:10825] mca_base_component_repository_open: unable to open mca_coll_tuned: /software/easybuild-broadwell/software/Compiler/GCC/6.4.0-2.28/OpenMPI/2.1.2/lib/openmpi/mca_coll_tuned.so: failed to map segment from shared object: Cannot allocate memory (ignored)
[node005.eve:10826] mca_base_component_repository_open: unable to open mca_coll_basic: /software/easybuild-broadwell/software/Compiler/GCC/6.4.0-2.28/OpenMPI/2.1.2/lib/openmpi/mca_coll_basic.so: failed to map segment from shared object: Cannot allocate memory (ignored)
[node005.eve:10828] mca_base_component_repository_open: unable to open mca_coll_basic: /software/easybuild-broadwell/software/Compiler/GCC/6.4.0-2.28/OpenMPI/2.1.2/lib/openmpi/mca_coll_basic.so: failed to map segment from shared object: Cannot allocate memory (ignored)
[node005.eve:10825] mca_base_component_repository_open: unable to open mca_coll_basic: /software/easybuild-broadwell/software/Compiler/GCC/6.4.0-2.28/OpenMPI/2.1.2/lib/openmpi/mca_coll_basic.so: failed to map segment from shared object: Cannot allocate memory (ignored)
[node005.eve:10828] mca_base_component_repository_open: unable to open mca_coll_sm: /software/easybuild-broadwell/software/Compiler/GCC/6.4.0-2.28/OpenMPI/2.1.2/lib/openmpi/mca_coll_sm.so: failed to map segment from shared object: Cannot allocate memory (ignored)
[node005.eve:10826] mca_base_component_repository_open: unable to open mca_coll_sm: /software/easybuild-broadwell/software/Compiler/GCC/6.4.0-2.28/OpenMPI/2.1.2/lib/openmpi/mca_coll_sm.so: failed to map segment from shared object: Cannot allocate memory (ignored)
[node005.eve:10825] mca_base_component_repository_open: unable to open mca_coll_sm: /software/easybuild-broadwell/software/Compiler/GCC/6.4.0-2.28/OpenMPI/2.1.2/lib/openmpi/mca_coll_sm.so: failed to map segment from shared object: Cannot allocate memory (ignored)
[node005:10828] *** Process received signal ***
[node005:10828] Signal: Segmentation fault (11)
[node005:10828] Signal code: Address not mapped (1)
[node005:10828] Failing at address: 0x14
[node005:10826] *** Process received signal ***
[node005:10826] Signal: Segmentation fault (11)
[node005:10826] Signal code: Address not mapped (1)
[node005:10826] Failing at address: 0x14
[node005:10826] [ 0] [node005:10828] [ 0] /lib64/libc.so.6(+0x363b0)[0x2ba73aa3b3b0]
[node005:10826] [ 1] /software/easybuild-broadwell/software/Compiler/GCC/6.4.0-2.28/OpenMPI/2.1.2/lib/libopen-pal.so.20(+0x48cbb)[0x2ba73b84bcbb]
[node005:10826] [ 2] /software/easybuild-broadwell/software/Compiler/GCC/6.4.0-2.28/OpenMPI/2.1.2/lib/libopen-pal.so.20(mca_base_var_register+0x27)[0x2ba73b84c7e7]
/lib64/libc.so.6(+0x363b0)[0x2b4a9587c3b0]
[node005:10828] [ 1] /software/easybuild-broadwell/software/Compiler/GCC/6.4.0-2.28/OpenMPI/2.1.2/lib/libopen-pal.so.20(+0x48cbb)[0x2b4a9668ccbb]
[node005:10828] [ 2] /software/easybuild-broadwell/software/Compiler/GCC/6.4.0-2.28/OpenMPI/2.1.2/lib/libopen-pal.so.20(mca_base_var_register+0x27)[0x2b4a9668d7e7]
[node005:10828] [ 3] [node005:10826] [ 3] /software/easybuild-broadwell/software/Compiler/GCC/6.4.0-2.28/OpenMPI/2.1.2/lib/libopen-pal.so.20(mca_base_component_var_register+0x3e)[0x2ba73b84c82e]
[node005:10826] [ 4] /software/easybuild-broadwell/software/Compiler/GCC/6.4.0-2.28/OpenMPI/2.1.2/lib/libopen-pal.so.20(mca_base_framework_components_register+0x20f)[0x2ba73b85225f]
[node005:10826] [ 5] /software/easybuild-broadwell/software/Compiler/GCC/6.4.0-2.28/OpenMPI/2.1.2/lib/libopen-pal.so.20(mca_base_framework_register+0x1a4)[0x2ba73b8524b4]
[node005:10826] [ 6] /software/easybuild-broadwell/software/Compiler/GCC/6.4.0-2.28/OpenMPI/2.1.2/lib/libopen-pal.so.20(mca_base_component_var_register+0x3e)[0x2b4a9668d82e]
[node005:10828] [ 4] /software/easybuild-broadwell/software/Compiler/GCC/6.4.0-2.28/OpenMPI/2.1.2/lib/libopen-pal.so.20(mca_base_framework_components_register+0x1e4)[0x2b4a96693234]
[node005:10828] [ 5] /software/easybuild-broadwell/software/Compiler/GCC/6.4.0-2.28/OpenMPI/2.1.2/lib/libopen-pal.so.20(mca_base_framework_register+0x1a4)[0x2b4a966934b4]
[node005:10828] [ 6] /software/easybuild-broadwell/software/Compiler/GCC/6.4.0-2.28/OpenMPI/2.1.2/lib/libopen-pal.so.20(mca_base_framework_open+0x11)[0x2b4a96693521]
[node005:10828] [ 7] /software/easybuild-broadwell/software/Compiler/GCC/6.4.0-2.28/OpenMPI/2.1.2/lib/libmpi.so.20(ompi_mpi_init+0x568)[0x2b4a952efee8]
[node005:10828] [ 8] /software/easybuild-broadwell/software/Compiler/GCC/6.4.0-2.28/OpenMPI/2.1.2/lib/libopen-pal.so.20(mca_base_framework_open+0x11)[0x2ba73b852521]
[node005:10826] [ 7] /software/easybuild-broadwell/software/Compiler/GCC/6.4.0-2.28/OpenMPI/2.1.2/lib/libmpi.so.20(ompi_mpi_init+0x568)[0x2ba73a4aeee8]
[node005:10826] [ 8] /software/easybuild-broadwell/software/Compiler/GCC/6.4.0-2.28/OpenMPI/2.1.2/lib/libmpi.so.20(MPI_Init+0x5b)[0x2ba73a4d202b]
[node005:10826] [ 9] /software/easybuild-broadwell/software/Compiler/GCC/6.4.0-2.28/OpenMPI/2.1.2/lib/libmpi.so.20(MPI_Init+0x5b)[0x2b4a9531302b]
[node005:10828] [ 9] /software/easybuild-broadwell/software/MPI/GCC/6.4.0-2.28/OpenMPI/2.1.2/OpenFOAM-Extend/4.0/foam-extend-4.0/lib/linux64GccDPOpt/libfoam.so(_ZN4Foam7Pstream4initERiRPPc+0x12)[0x2ba7395fd9f2]
[node005:10826] [10] /software/easybuild-broadwell/software/MPI/GCC/6.4.0-2.28/OpenMPI/2.1.2/OpenFOAM-Extend/4.0/foam-extend-4.0/lib/linux64GccDPOpt/libfoam.so(_ZN4Foam7Pstream4initERiRPPc+0x12)[0x2b4a9443e9f2]
[node005:10828] [10] /software/easybuild-broadwell/software/MPI/GCC/6.4.0-2.28/OpenMPI/2.1.2/OpenFOAM-Extend/4.0/foam-extend-4.0/lib/linux64GccDPOpt/libfoam.so(_ZN4Foam7argListC2ERiRPPcbb+0x430)[0x2ba73957b1d0]
[node005:10826] [11] /software/easybuild-broadwell/software/MPI/GCC/6.4.0-2.28/OpenMPI/2.1.2/OpenFOAM-Extend/4.0/foam-extend-4.0/lib/linux64GccDPOpt/libfoam.so(_ZN4Foam7argListC2ERiRPPcbb+0x430)[0x2b4a943bc1d0]
[node005:10828] [11] bioGrowth3[0x41b7e3]
[node005:10826] [12] bioGrowth3[0x41b7e3]
[node005:10828] [12] /lib64/libc.so.6(__libc_start_main+0xf5)[0x2b4a95868505]
[node005:10828] [13] bioGrowth3[0x41e6dc]
[node005:10828] *** End of error message ***
/lib64/libc.so.6(__libc_start_main+0xf5)[0x2ba73aa27505]
[node005:10826] [13] bioGrowth3[0x41e6dc]
[node005:10826] *** End of error message ***
[node005.eve:10825] mca_base_component_repository_open: unable to open mca_osc_pt2pt: /software/easybuild-broadwell/software/Compiler/GCC/6.4.0-2.28/OpenMPI/2.1.2/lib/openmpi/mca_osc_pt2pt.so: failed to map segment from shared object: Cannot allocate memory (ignored)
[node005.eve:10825] mca_base_component_repository_open: unable to open mca_osc_rdma: /software/easybuild-broadwell/software/Compiler/GCC/6.4.0-2.28/OpenMPI/2.1.2/lib/openmpi/mca_osc_rdma.so: failed to map segment from shared object: Cannot allocate memory (ignored)
[node005.eve:10825] mca_base_component_repository_open: unable to open mca_osc_sm: /software/easybuild-broadwell/software/Compiler/GCC/6.4.0-2.28/OpenMPI/2.1.2/lib/openmpi/mca_osc_sm.so: failed to map segment from shared object: Cannot allocate memory (ignored)
[node005.eve:10827] mca_base_component_repository_open: unable to open mca_btl_usnic: librdmacm.so.1: failed to map segment from shared object: Cannot allocate memory (ignored)
[node005.eve:10827] mca_base_component_repository_open: unable to open mca_btl_openib: libnl-route-3.so.200: failed to map segment from shared object: Cannot allocate memory (ignored)
[node005.eve:10827] mca_base_component_repository_open: unable to open mca_mtl_psm: libpsm_infinipath.so.1: failed to map segment from shared object: Cannot allocate memory (ignored)
[node005.eve:10827] mca_base_component_repository_open: unable to open mca_mtl_psm2: libpsm2.so.2: failed to map segment from shared object: Cannot allocate memory (ignored)
[node005.eve:10827] mca_base_component_repository_open: unable to open mca_mtl_ofi: libfabric.so.1: failed to map segment from shared object: Cannot allocate memory (ignored)
[node005.eve:10827] mca_base_component_repository_open: unable to open mca_coll_basic: /software/easybuild-broadwell/software/Compiler/GCC/6.4.0-2.28/OpenMPI/2.1.2/lib/openmpi/mca_coll_basic.so: failed to map segment from shared object: Cannot allocate memory (ignored)
[node005.eve:10827] mca_base_component_repository_open: unable to open mca_coll_sm: /software/easybuild-broadwell/software/Compiler/GCC/6.4.0-2.28/OpenMPI/2.1.2/lib/openmpi/mca_coll_sm.so: failed to map segment from shared object: Cannot allocate memory (ignored)
[node005:10827] *** Process received signal ***
[node005:10827] Signal: Segmentation fault (11)
[node005:10827] Signal code: Address not mapped (1)
[node005:10827] Failing at address: 0x14
[node005:10827] [ 0] /lib64/libc.so.6(+0x363b0)[0x2aec787223b0]
[node005:10827] [ 1] /software/easybuild-broadwell/software/Compiler/GCC/6.4.0-2.28/OpenMPI/2.1.2/lib/libopen-pal.so.20(+0x48cbb)[0x2aec79532cbb]
[node005:10827] [ 2] /software/easybuild-broadwell/software/Compiler/GCC/6.4.0-2.28/OpenMPI/2.1.2/lib/libopen-pal.so.20(mca_base_var_register+0x27)[0x2aec795337e7]
[node005:10827] [ 3] /software/easybuild-broadwell/software/Compiler/GCC/6.4.0-2.28/OpenMPI/2.1.2/lib/libopen-pal.so.20(mca_base_component_var_register+0x3e)[0x2aec7953382e]
[node005:10827] [ 4] /software/easybuild-broadwell/software/Compiler/GCC/6.4.0-2.28/OpenMPI/2.1.2/lib/libopen-pal.so.20(mca_base_framework_components_register+0x1e4)[0x2aec79539234]
[node005:10827] [ 5] /software/easybuild-broadwell/software/Compiler/GCC/6.4.0-2.28/OpenMPI/2.1.2/lib/libopen-pal.so.20(mca_base_framework_register+0x1a4)[0x2aec795394b4]
[node005:10827] [ 6] /software/easybuild-broadwell/software/Compiler/GCC/6.4.0-2.28/OpenMPI/2.1.2/lib/libopen-pal.so.20(mca_base_framework_open+0x11)[0x2aec79539521]
[node005:10827] [ 7] /software/easybuild-broadwell/software/Compiler/GCC/6.4.0-2.28/OpenMPI/2.1.2/lib/libmpi.so.20(ompi_mpi_init+0x568)[0x2aec78195ee8]
[node005:10827] [ 8] /software/easybuild-broadwell/software/Compiler/GCC/6.4.0-2.28/OpenMPI/2.1.2/lib/libmpi.so.20(MPI_Init+0x5b)[0x2aec781b902b]
[node005:10827] [ 9] /software/easybuild-broadwell/software/MPI/GCC/6.4.0-2.28/OpenMPI/2.1.2/OpenFOAM-Extend/4.0/foam-extend-4.0/lib/linux64GccDPOpt/libfoam.so(_ZN4Foam7Pstream4initERiRPPc+0x12)[0x2aec772e49f2]
[node005:10827] [10] /software/easybuild-broadwell/software/MPI/GCC/6.4.0-2.28/OpenMPI/2.1.2/OpenFOAM-Extend/4.0/foam-extend-4.0/lib/linux64GccDPOpt/libfoam.so(_ZN4Foam7argListC2ERiRPPcbb+0x430)[0x2aec772621d0]
[node005:10827] [11] bioGrowth3[0x41b7e3]
[node005:10827] [12] /lib64/libc.so.6(__libc_start_main+0xf5)[0x2aec7870e505]
[node005:10827] [13] bioGrowth3[0x41e6dc]
[node005:10827] *** End of error message ***
[warn] Epoll ADD(4) on fd 38 failed. Old events were 0; read change was 0 (none); write change was 1 (add); close change was 0 (none): Bad file descriptor
--------------------------------------------------------------------------
mpiexec noticed that process rank 3 with PID 0 on node node005 exited on signal 11 (Segmentation fault).
--------------------------------------------------------------------------
